0 info it worked if it ends with ok
1 verbose cli [ '/Users/milan/Assembl/assembl/venv/bin/node',
1 verbose cli   '/Users/milan/Assembl/assembl/venv/bin/npm',
1 verbose cli   'run',
1 verbose cli   'test' ]
2 info using npm@3.10.10
3 info using node@v6.11.5
4 verbose run-script [ 'pretest', 'test', 'posttest' ]
5 info lifecycle @~pretest: @
6 silly lifecycle @~pretest: no script for pretest, continuing
7 info lifecycle @~test: @
8 verbose lifecycle @~test: unsafe-perm in lifecycle true
9 verbose lifecycle @~test: PATH: /Users/milan/Assembl/assembl/venv/lib/node_modules/npm/bin/node-gyp-bin:/Users/milan/puppeteer-e2e-assembl/node_modules/.bin:/Users/milan/Assembl/assembl/venv/lib/node_modules/.bin:/Users/milan/Assembl/assembl/venv/bin:/Users/milan/Assembl/assembl/venv/bin:/Users/Milan/anaconda2/bin:/usr/local/bin:/usr/bin:/bin:/usr/sbin:/sbin
10 verbose lifecycle @~test: CWD: /Users/milan/puppeteer-e2e-assembl
11 silly lifecycle @~test: Args: [ '-c', 'jest' ]
12 info lifecycle @~test: Failed to exec test script
13 verbose stack Error: @ test: `jest`
13 verbose stack spawn ENOENT
13 verbose stack     at ChildProcess.<anonymous> (/Users/milan/Assembl/assembl/venv/lib/node_modules/npm/lib/utils/spawn.js:33:16)
13 verbose stack     at emitTwo (events.js:106:13)
13 verbose stack     at ChildProcess.emit (events.js:191:7)
13 verbose stack     at maybeClose (internal/child_process.js:920:16)
13 verbose stack     at Process.ChildProcess._handle.onexit (internal/child_process.js:230:5)
14 verbose pkgid @
15 verbose cwd /Users/milan/puppeteer-e2e-assembl
16 error Darwin 17.5.0
17 error argv "/Users/milan/Assembl/assembl/venv/bin/node" "/Users/milan/Assembl/assembl/venv/bin/npm" "run" "test"
18 error node v6.11.5
19 error npm  v3.10.10
20 error file sh
21 error code ELIFECYCLE
22 error errno ENOENT
23 error syscall spawn
24 error @ test: `jest`
24 error spawn ENOENT
25 error Failed at the @ test script 'jest'.
25 error Make sure you have the latest version of node.js and npm installed.
25 error If you do, this is most likely a problem with the  package,
25 error not with npm itself.
25 error Tell the author that this fails on your system:
25 error     jest
25 error You can get information on how to open an issue for this project with:
25 error     npm bugs
25 error Or if that isn't available, you can get their info via:
25 error     npm owner ls
25 error There is likely additional logging output above.
26 verbose exit [ 1, true ]
